[2024-04-06 04:33:50.794] [info] Using configuration file /home/ddxtanx/.config/waybar/config
[2024-04-06 04:33:50.795] [info] Using CSS file /home/ddxtanx/.config/waybar/style.css
/home/ddxtanx/.config/waybar/modules/waybar_filter.sh: line 3: waybar-mpris: command not found
[2024-04-06 04:33:50.805] [warning] Can't open /dev/input/mice (are you in the input group?): EACCES Permission denied
[2024-04-06 04:33:50.805] [warning] Can't open /dev/input/mouse0 (are you in the input group?): EACCES Permission denied
[2024-04-06 04:33:50.805] [warning] Can't open /dev/input/event0 (are you in the input group?): EACCES Permission denied
[2024-04-06 04:33:50.805] [warning] Can't open /dev/input/event1 (are you in the input group?): EACCES Permission denied
[2024-04-06 04:33:50.805] [warning] Can't open /dev/input/event2 (are you in the input group?): EACCES Permission denied
[2024-04-06 04:33:50.805] [warning] Can't open /dev/input/event3 (are you in the input group?): EACCES Permission denied
[2024-04-06 04:33:50.805] [warning] module keyboard-state: Disabling module "keyboard-state", Failed to find keyboard device: EACCES Permission denied
[2024-04-06 04:33:50.805] [warning] No battery named BAT2
no bluetooth devices connected

(waybar:77895): Pango-WARNING **: 04:33:50.837: failed to create cairo scaled font, expect ugly output. the offending font is 'Font Awesome 6 Free Heavy 9'

(waybar:77895): Pango-WARNING **: 04:33:50.837: font_face status is: file not found

(waybar:77895): Pango-WARNING **: 04:33:50.837: scaled_font status is: file not found

(waybar:77895): Pango-WARNING **: 04:33:50.839: failed to create cairo scaled font, expect ugly output. the offending font is 'Font Awesome 6 Free Heavy 9'

(waybar:77895): Pango-WARNING **: 04:33:50.839: font_face status is: file not found

(waybar:77895): Pango-WARNING **: 04:33:50.839: scaled_font status is: file not found
[2024-04-06 04:33:50.839] [warning] Requested height: 30 is less than the minimum height: 33 required by the modules
[2024-04-06 04:33:50.839] [info] Bar configured (width: 2032, height: 33) for output: eDP-1
no bluetooth devices connected
no bluetooth devices connected
no bluetooth devices connected
no bluetooth devices connected
no bluetooth devices connected
no bluetooth devices connected
no bluetooth devices connected
no bluetooth devices connected
no bluetooth devices connected
no bluetooth devices connected
no bluetooth devices connected
no bluetooth devices connected
no bluetooth devices connected
no bluetooth devices connected
no bluetooth devices connected
no bluetooth devices connected
no bluetooth devices connected
no bluetooth devices connected
no bluetooth devices connected
no bluetooth devices connected
no bluetooth devices connected
no bluetooth devices connected
no bluetooth devices connected
no bluetooth devices connected
no bluetooth devices connected
no bluetooth devices connected
no bluetooth devices connected
no bluetooth devices connected
no bluetooth devices connected
no bluetooth devices connected
no bluetooth devices connected
no bluetooth devices connected
no bluetooth devices connected
no bluetooth devices connected
no bluetooth devices connected
[2024-04-06 04:36:51.420] [info] Using configuration file /home/ddxtanx/.config/waybar/config
[2024-04-06 04:36:51.422] [info] Using CSS file /home/ddxtanx/.config/waybar/style.css
[2024-04-06 04:36:51.429] [warning] Can't open /dev/input/mice (are you in the input group?): EACCES Permission denied
[2024-04-06 04:36:51.429] [warning] Can't open /dev/input/mouse0 (are you in the input group?): EACCES Permission denied
[2024-04-06 04:36:51.429] [warning] Can't open /dev/input/event0 (are you in the input group?): EACCES Permission denied
[2024-04-06 04:36:51.429] [warning] Can't open /dev/input/event1 (are you in the input group?): EACCES Permission denied
[2024-04-06 04:36:51.429] [warning] Can't open /dev/input/event2 (are you in the input group?): EACCES Permission denied
[2024-04-06 04:36:51.429] [warning] Can't open /dev/input/event3 (are you in the input group?): EACCES Permission denied
[2024-04-06 04:36:51.429] [warning] module keyboard-state: Disabling module "keyboard-state", Failed to find keyboard device: EACCES Permission denied
[2024-04-06 04:36:51.430] [warning] No battery named BAT2
no bluetooth devices connected

(waybar:81106): Pango-WARNING **: 04:36:51.465: failed to create cairo scaled font, expect ugly output. the offending font is 'Font Awesome 6 Free Heavy 9'

(waybar:81106): Pango-WARNING **: 04:36:51.465: font_face status is: file not found

(waybar:81106): Pango-WARNING **: 04:36:51.465: scaled_font status is: file not found

(waybar:81106): Pango-WARNING **: 04:36:51.467: failed to create cairo scaled font, expect ugly output. the offending font is 'Font Awesome 6 Free Heavy 9'

(waybar:81106): Pango-WARNING **: 04:36:51.468: font_face status is: file not found

(waybar:81106): Pango-WARNING **: 04:36:51.468: scaled_font status is: file not found
[2024-04-06 04:36:51.468] [warning] Requested height: 30 is less than the minimum height: 33 required by the modules
[2024-04-06 04:36:51.468] [info] Bar configured (width: 2032, height: 33) for output: eDP-1
no bluetooth devices connected
no bluetooth devices connected
no bluetooth devices connected
no bluetooth devices connected
no bluetooth devices connected
no bluetooth devices connected
no bluetooth devices connected
no bluetooth devices connected
no bluetooth devices connected
no bluetooth devices connected
no bluetooth devices connected
no bluetooth devices connected
no bluetooth devices connected
no bluetooth devices connected
no bluetooth devices connected
no bluetooth devices connected
no bluetooth devices connected
no bluetooth devices connected
no bluetooth devices connected
no bluetooth devices connected
no bluetooth devices connected
no bluetooth devices connected
no bluetooth devices connected
no bluetooth devices connected
no bluetooth devices connected
no bluetooth devices connected
no bluetooth devices connected
no bluetooth devices connected
[2024-04-06 04:39:14.042] [warning] Requested height: 33 is less than the minimum height: 37 required by the modules
[2024-04-06 04:39:14.042] [info] Bar configured (width: 2032, height: 37) for output: eDP-1
no bluetooth devices connected
no bluetooth devices connected
no bluetooth devices connected
no bluetooth devices connected
no bluetooth devices connected
no bluetooth devices connected
no bluetooth devices connected
no bluetooth devices connected
no bluetooth devices connected
no bluetooth devices connected
no bluetooth devices connected
no bluetooth devices connected
no bluetooth devices connected
no bluetooth devices connected
no bluetooth devices connected
no bluetooth devices connected
no bluetooth devices connected
[2024-04-06 04:40:41.179] [info] Using configuration file /home/ddxtanx/.config/waybar/config
[2024-04-06 04:40:41.181] [info] Using CSS file /home/ddxtanx/.config/waybar/style.css
[2024-04-06 04:40:41.189] [warning] Can't open /dev/input/mice (are you in the input group?): EACCES Permission denied
[2024-04-06 04:40:41.189] [warning] Can't open /dev/input/mouse0 (are you in the input group?): EACCES Permission denied
[2024-04-06 04:40:41.189] [warning] Can't open /dev/input/event0 (are you in the input group?): EACCES Permission denied
[2024-04-06 04:40:41.189] [warning] Can't open /dev/input/event1 (are you in the input group?): EACCES Permission denied
[2024-04-06 04:40:41.189] [warning] Can't open /dev/input/event2 (are you in the input group?): EACCES Permission denied
[2024-04-06 04:40:41.189] [warning] Can't open /dev/input/event3 (are you in the input group?): EACCES Permission denied
[2024-04-06 04:40:41.189] [warning] module keyboard-state: Disabling module "keyboard-state", Failed to find keyboard device: EACCES Permission denied
[2024-04-06 04:40:41.189] [warning] No battery named BAT2
no bluetooth devices connected

(waybar:82778): Pango-WARNING **: 04:40:41.237: failed to create cairo scaled font, expect ugly output. the offending font is 'Font Awesome 6 Free Heavy 9'

(waybar:82778): Pango-WARNING **: 04:40:41.237: font_face status is: file not found

(waybar:82778): Pango-WARNING **: 04:40:41.237: scaled_font status is: file not found

(waybar:82778): Pango-WARNING **: 04:40:41.239: failed to create cairo scaled font, expect ugly output. the offending font is 'Font Awesome 6 Free Heavy 9'

(waybar:82778): Pango-WARNING **: 04:40:41.239: font_face status is: file not found

(waybar:82778): Pango-WARNING **: 04:40:41.239: scaled_font status is: file not found
[2024-04-06 04:40:41.239] [warning] Requested height: 30 is less than the minimum height: 37 required by the modules
[2024-04-06 04:40:41.239] [info] Bar configured (width: 2032, height: 37) for output: eDP-1
no bluetooth devices connected
no bluetooth devices connected
no bluetooth devices connected
no bluetooth devices connected
no bluetooth devices connected
no bluetooth devices connected
no bluetooth devices connected
no bluetooth devices connected
no bluetooth devices connected
no bluetooth devices connected
no bluetooth devices connected
no bluetooth devices connected
no bluetooth devices connected
no bluetooth devices connected
no bluetooth devices connected
no bluetooth devices connected
no bluetooth devices connected
no bluetooth devices connected
no bluetooth devices connected
no bluetooth devices connected
no bluetooth devices connected
no bluetooth devices connected
no bluetooth devices connected
no bluetooth devices connected
no bluetooth devices connected
no bluetooth devices connected
no bluetooth devices connected
no bluetooth devices connected
no bluetooth devices connected
no bluetooth devices connected
no bluetooth devices connected
no bluetooth devices connected
no bluetooth devices connected
no bluetooth devices connected
no bluetooth devices connected
no bluetooth devices connected
no bluetooth devices connected
no bluetooth devices connected
no bluetooth devices connected
no bluetooth devices connected
no bluetooth devices connected
no bluetooth devices connected
no bluetooth devices connected
no bluetooth devices connected
no bluetooth devices connected
[2024-04-06 04:44:32.531] [info] Using configuration file /home/ddxtanx/.config/waybar/config
[2024-04-06 04:44:32.533] [info] Using CSS file /home/ddxtanx/.config/waybar/style.css
[2024-04-06 04:44:32.542] [warning] Can't open /dev/input/mice (are you in the input group?): EACCES Permission denied
[2024-04-06 04:44:32.542] [warning] Can't open /dev/input/mouse0 (are you in the input group?): EACCES Permission denied
[2024-04-06 04:44:32.542] [warning] Can't open /dev/input/event0 (are you in the input group?): EACCES Permission denied
[2024-04-06 04:44:32.542] [warning] Can't open /dev/input/event1 (are you in the input group?): EACCES Permission denied
[2024-04-06 04:44:32.542] [warning] Can't open /dev/input/event2 (are you in the input group?): EACCES Permission denied
[2024-04-06 04:44:32.542] [warning] Can't open /dev/input/event3 (are you in the input group?): EACCES Permission denied
[2024-04-06 04:44:32.542] [warning] module keyboard-state: Disabling module "keyboard-state", Failed to find keyboard device: EACCES Permission denied
[2024-04-06 04:44:32.542] [warning] No battery named BAT2
no bluetooth devices connected
[2024-04-06 04:44:32.580] [warning] Requested height: 30 is less than the minimum height: 37 required by the modules
[2024-04-06 04:44:32.580] [info] Bar configured (width: 2032, height: 37) for output: eDP-1
[2024-04-06 04:45:38.424] [info] Using configuration file /home/ddxtanx/.config/waybar/config
[2024-04-06 04:45:38.426] [info] Using CSS file /home/ddxtanx/.config/waybar/style.css
[2024-04-06 04:45:38.434] [warning] Can't open /dev/input/mice (are you in the input group?): EACCES Permission denied
[2024-04-06 04:45:38.434] [warning] Can't open /dev/input/mouse0 (are you in the input group?): EACCES Permission denied
[2024-04-06 04:45:38.434] [warning] Can't open /dev/input/event0 (are you in the input group?): EACCES Permission denied
[2024-04-06 04:45:38.434] [warning] Can't open /dev/input/event1 (are you in the input group?): EACCES Permission denied
[2024-04-06 04:45:38.434] [warning] Can't open /dev/input/event2 (are you in the input group?): EACCES Permission denied
[2024-04-06 04:45:38.434] [warning] Can't open /dev/input/event3 (are you in the input group?): EACCES Permission denied
[2024-04-06 04:45:38.434] [warning] module keyboard-state: Disabling module "keyboard-state", Failed to find keyboard device: EACCES Permission denied
[2024-04-06 04:45:38.435] [warning] No battery named BAT2
no bluetooth devices connected
[2024-04-06 04:45:38.488] [warning] Requested height: 30 is less than the minimum height: 37 required by the modules
[2024-04-06 04:45:38.488] [info] Bar configured (width: 2032, height: 37) for output: eDP-1
no bluetooth devices connected
no bluetooth devices connected
[2024-04-06 04:45:55.023] [info] Using configuration file /home/ddxtanx/.config/waybar/config
[2024-04-06 04:45:55.025] [info] Using CSS file /home/ddxtanx/.config/waybar/style.css
[2024-04-06 04:45:55.034] [warning] Can't open /dev/input/mice (are you in the input group?): EACCES Permission denied
[2024-04-06 04:45:55.035] [warning] Can't open /dev/input/mouse0 (are you in the input group?): EACCES Permission denied
[2024-04-06 04:45:55.035] [warning] Can't open /dev/input/event0 (are you in the input group?): EACCES Permission denied
[2024-04-06 04:45:55.035] [warning] Can't open /dev/input/event1 (are you in the input group?): EACCES Permission denied
[2024-04-06 04:45:55.035] [warning] Can't open /dev/input/event2 (are you in the input group?): EACCES Permission denied
[2024-04-06 04:45:55.035] [warning] Can't open /dev/input/event3 (are you in the input group?): EACCES Permission denied
[2024-04-06 04:45:55.035] [warning] module keyboard-state: Disabling module "keyboard-state", Failed to find keyboard device: EACCES Permission denied
[2024-04-06 04:45:55.035] [warning] No battery named BAT2
no bluetooth devices connected
[2024-04-06 04:45:55.091] [warning] Requested height: 30 is less than the minimum height: 37 required by the modules
[2024-04-06 04:45:55.091] [info] Bar configured (width: 2032, height: 37) for output: eDP-1
[2024-04-06 04:46:02.611] [info] Using configuration file /home/ddxtanx/.config/waybar/config
[2024-04-06 04:46:02.613] [info] Using CSS file /home/ddxtanx/.config/waybar/style.css
[2024-04-06 04:46:02.621] [warning] Can't open /dev/input/mice (are you in the input group?): EACCES Permission denied
[2024-04-06 04:46:02.621] [warning] Can't open /dev/input/mouse0 (are you in the input group?): EACCES Permission denied
[2024-04-06 04:46:02.621] [warning] Can't open /dev/input/event0 (are you in the input group?): EACCES Permission denied
[2024-04-06 04:46:02.621] [warning] Can't open /dev/input/event1 (are you in the input group?): EACCES Permission denied
[2024-04-06 04:46:02.621] [warning] Can't open /dev/input/event2 (are you in the input group?): EACCES Permission denied
[2024-04-06 04:46:02.621] [warning] Can't open /dev/input/event3 (are you in the input group?): EACCES Permission denied
[2024-04-06 04:46:02.621] [warning] module keyboard-state: Disabling module "keyboard-state", Failed to find keyboard device: EACCES Permission denied
[2024-04-06 04:46:02.621] [warning] No battery named BAT2
no bluetooth devices connected
[2024-04-06 04:46:02.657] [warning] Requested height: 30 is less than the minimum height: 37 required by the modules
[2024-04-06 04:46:02.657] [info] Bar configured (width: 2032, height: 37) for output: eDP-1
no bluetooth devices connected
no bluetooth devices connected
no bluetooth devices connected
no bluetooth devices connected
no bluetooth devices connected
no bluetooth devices connected
no bluetooth devices connected
no bluetooth devices connected
no bluetooth devices connected
no bluetooth devices connected
no bluetooth devices connected
no bluetooth devices connected
no bluetooth devices connected
no bluetooth devices connected
no bluetooth devices connected
no bluetooth devices connected
no bluetooth devices connected
no bluetooth devices connected
no bluetooth devices connected
no bluetooth devices connected
no bluetooth devices connected
no bluetooth devices connected
no bluetooth devices connected
no bluetooth devices connected
[2024-04-06 04:48:05.800] [info] Using configuration file /home/ddxtanx/.config/waybar/config
[2024-04-06 04:48:05.802] [info] Using CSS file /home/ddxtanx/.config/waybar/style.css
[2024-04-06 04:48:05.809] [warning] Can't open /dev/input/mice (are you in the input group?): EACCES Permission denied
[2024-04-06 04:48:05.809] [warning] Can't open /dev/input/mouse0 (are you in the input group?): EACCES Permission denied
[2024-04-06 04:48:05.809] [warning] Can't open /dev/input/event0 (are you in the input group?): EACCES Permission denied
[2024-04-06 04:48:05.809] [warning] Can't open /dev/input/event1 (are you in the input group?): EACCES Permission denied
[2024-04-06 04:48:05.809] [warning] Can't open /dev/input/event2 (are you in the input group?): EACCES Permission denied
[2024-04-06 04:48:05.809] [warning] Can't open /dev/input/event3 (are you in the input group?): EACCES Permission denied
[2024-04-06 04:48:05.809] [warning] module keyboard-state: Disabling module "keyboard-state", Failed to find keyboard device: EACCES Permission denied
[2024-04-06 04:48:05.810] [warning] No battery named BAT2
no bluetooth devices connected
[2024-04-06 04:48:05.845] [warning] Requested height: 30 is less than the minimum height: 31 required by the modules
[2024-04-06 04:48:05.845] [info] Bar configured (width: 2032, height: 31) for output: eDP-1
no bluetooth devices connected
no bluetooth devices connected
[2024-04-06 04:48:19.065] [info] Using configuration file /home/ddxtanx/.config/waybar/config
[2024-04-06 04:48:19.067] [info] Using CSS file /home/ddxtanx/.config/waybar/style.css
[2024-04-06 04:48:19.075] [warning] Can't open /dev/input/mice (are you in the input group?): EACCES Permission denied
[2024-04-06 04:48:19.075] [warning] Can't open /dev/input/mouse0 (are you in the input group?): EACCES Permission denied
[2024-04-06 04:48:19.075] [warning] Can't open /dev/input/event0 (are you in the input group?): EACCES Permission denied
[2024-04-06 04:48:19.075] [warning] Can't open /dev/input/event1 (are you in the input group?): EACCES Permission denied
[2024-04-06 04:48:19.075] [warning] Can't open /dev/input/event2 (are you in the input group?): EACCES Permission denied
[2024-04-06 04:48:19.075] [warning] Can't open /dev/input/event3 (are you in the input group?): EACCES Permission denied
[2024-04-06 04:48:19.075] [warning] module keyboard-state: Disabling module "keyboard-state", Failed to find keyboard device: EACCES Permission denied
[2024-04-06 04:48:19.075] [warning] No battery named BAT2
no bluetooth devices connected
[2024-04-06 04:48:19.114] [warning] Requested height: 30 is less than the minimum height: 31 required by the modules
[2024-04-06 04:48:19.114] [info] Bar configured (width: 2032, height: 31) for output: eDP-1
no bluetooth devices connected
no bluetooth devices connected
no bluetooth devices connected
no bluetooth devices connected
no bluetooth devices connected
no bluetooth devices connected
